<?xml version="1.0" encoding="UTF-8"?>
<!-- Generated by org.testng.reporters.JUnitReportReporter -->
<testsuite hostname="Ankita" failures="0" tests="2" name="com.e2e.testcases.LoginPageTest" time="9.338" errors="0" timestamp="2025-03-11T01:58:29 IST" skipped="0">
  <testcase classname="com.e2e.testcases.LoginPageTest" name="validateLoginPageTest" time="4.569"/>
  <system-out/>
  <testcase classname="com.e2e.testcases.LoginPageTest" name="validateLoginTest" time="4.769"/>
  <system-out/>
</testsuite> <!-- com.e2e.testcases.LoginPageTest -->
