<?xml version="1.0" encoding="UTF-8"?>
<!-- Generated by org.testng.reporters.JUnitReportReporter -->
<testsuite hostname="Ankita" failures="0" tests="2" name="com.e2e.testcases.LoginPageTest" time="9.667" errors="0" timestamp="2025-03-11T02:56:14 IST" skipped="0">
  <testcase classname="com.e2e.testcases.LoginPageTest" name="validateLoginPageTest" time="4.012"/>
  <system-out/>
  <testcase classname="com.e2e.testcases.LoginPageTest" name="validateLoginTest" time="5.655"/>
  <system-out/>
</testsuite> <!-- com.e2e.testcases.LoginPageTest -->
